{
  "RSpec": {
    "coverage": {
      "/Users/user/Documents/MA/week_3/boris-bikes-london-tdd/lib/bike_container.rb": [
        1,
        null,
        1,
        null,
        1,
        61,
        null,
        null,
        1,
        203,
        null,
        null,
        1,
        43,
        40,
        null,
        null,
        null,
        1,
        49,
        null,
        null,
        1,
        16,
        null,
        null,
        1,
        12,
        null,
        null,
        1,
        12,
        null,
        null,
        null
      ],
      "/Users/user/Documents/MA/week_3/boris-bikes-london-tdd/lib/bike.rb": [
        1,
        null,
        1,
        3,
        null,
        null,
        1,
        3,
        null,
        null,
        1,
        1,
        null,
        null,
        1,
        1,
        1,
        null,
        null,
        null
      ],
      "/Users/user/Documents/MA/week_3/boris-bikes-london-tdd/lib/docking_station.rb": [
        1,
        null,
        1,
        null,
        1,
        null,
        1,
        null,
        1,
        15,
        15,
        null,
        null,
        1,
        4,
        null,
        null,
        null
      ],
      "/Users/user/Documents/MA/week_3/boris-bikes-london-tdd/lib/garage.rb": [
        1,
        null,
        1,
        null,
        1,
        null,
        1,
        null,
        1,
        17,
        17,
        null,
        null,
        1,
        6,
        6,
        null,
        null,
        null
      ],
      "/Users/user/Documents/MA/week_3/boris-bikes-london-tdd/lib/person.rb": [
        1,
        null,
        1,
        7,
        null,
        null,
        1,
        4,
        null,
        null,
        1,
        1,
        null,
        null,
        1,
        2,
        null,
        null,
        1,
        2,
        null,
        null,
        null
      ],
      "/Users/user/Documents/MA/week_3/boris-bikes-london-tdd/lib/van.rb": [
        1,
        null,
        1,
        null,
        1,
        null,
        1,
        null,
        1,
        17,
        17,
        null,
        null,
        1,
        4,
        null,
        null,
        1,
        2,
        null,
        null,
        null
      ]
    },
    "timestamp": 1409257094
  }
}
